{
  "RSpec": {
    "coverage": {
      "/home/ubuntu/workspace/Prct09/lib/Lista.rb": [
        1,
        1,
        1,
        1,
        1,
        1,
        1,
        null,
        1,
        null,
        null
      ],
      "/home/ubuntu/workspace/Prct09/lib/Lista/Bibliografia.rb": [
        1,
        1,
        1,
        1,
        1,
        1,
        3,
        3,
        3,
        3,
        3,
        3,
        3,
        null,
        null,
        1,
        3,
        null,
        null,
        1,
        3,
        null,
        null,
        1,
        0,
        null,
        null,
        1,
        0,
        null,
        null,
        1,
        0,
        null,
        null,
        1,
        0,
        null,
        null,
        1,
        0,
        null,
        null,
        null,
        1,
        3,
        null,
        null,
        1,
        11,
        11,
        null,
        0,
        null,
        null,
        null,
        1,
        null,
        null,
        null,
        1,
        9,
        9,
        0,
        null,
        18,
        null,
        9,
        null,
        null,
        null
      ],
      "/home/ubuntu/workspace/Prct09/lib/Lista/DocumentoE.rb": [
        1,
        null,
        1,
        1,
        1,
        1,
        null,
        null,
        null
      ],
      "/home/ubuntu/workspace/Prct09/lib/Lista/Libro.rb": [
        1,
        1,
        1,
        1,
        1,
        1,
        1,
        null,
        null,
        1,
        2,
        null,
        null,
        null
      ],
      "/home/ubuntu/workspace/Prct09/lib/Lista/Revista.rb": [
        1,
        null,
        1,
        1,
        1,
        1,
        1,
        1,
        1,
        null,
        null,
        1,
        1,
        null,
        null,
        null
      ],
      "/home/ubuntu/workspace/Prct09/lib/Lista/version.rb": [
        null,
        1,
        1,
        null
      ],
      "/home/ubuntu/workspace/Prct09/lib/Lista/Lista.rb": [
        1,
        null,
        1,
        null,
        1,
        1,
        1,
        1,
        2,
        2,
        null,
        null,
        1,
        6,
        2,
        2,
        null,
        4,
        4,
        null,
        6,
        null,
        null,
        1,
        0,
        0,
        0,
        0,
        null,
        0,
        null,
        null,
        null,
        null,
        null,
        1,
        0,
        0,
        0,
        0,
        null,
        0,
        0,
        0,
        0,
        null,
        null,
        null,
        null,
        null,
        1,
        0,
        0,
        0,
        0,
        0,
        null,
        null,
        null,
        null,
        null,
        1,
        0,
        0,
        0,
        0,
        null,
        0,
        null,
        null,
        null,
        null,
        null,
        1,
        0,
        0,
        0,
        0,
        null,
        0,
        null,
        null,
        null,
        null,
        null,
        1,
        8,
        8,
        22,
        21,
        null,
        null,
        null,
        1,
        1,
        4,
        1,
        4,
        1,
        null,
        null,
        null,
        null
      ],
      "/home/ubuntu/workspace/Prct09/lib/Lista/Autor.rb": [
        1,
        1,
        1,
        1,
        4,
        4,
        null,
        1,
        11,
        30,
        11,
        32,
        11,
        null,
        null,
        null
      ]
    },
    "timestamp": 1449614892
  }
}
